<?xml version="1.0" encoding="UTF-8"?>
<!-- Generated by org.testng.reporters.JUnitReportReporter -->
<testsuite hostname="vendskp52" name="extentreports.extentreports.AdvanceReporting" tests="1" failures="0" timestamp="27 Jul 2015 07:32:54 GMT" time="0.010" errors="0">
  <testcase name="test" time="0.010" classname="extentreports.extentreports.AdvanceReporting"/>
</testsuite> <!-- extentreports.extentreports.AdvanceReporting -->
